<?xml version="1.0" encoding="UTF-8"?>

<mule xmlns:dbserver="http://www.mulesoft.org/schema/mule/dbserver"
	xmlns:db="http://www.mulesoft.org/schema/mule/db"
	xmlns:tls="http://www.mulesoft.org/schema/mule/tls" xmlns:munit="http://www.mulesoft.org/schema/mule/munit"
	xmlns:http="http://www.mulesoft.org/schema/mule/http"
	xmlns="http://www.mulesoft.org/schema/mule/core" xmlns:doc="http://www.mulesoft.org/schema/mule/documentation" xmlns:xsi="http://www.w3.org/2001/XMLSchema-instance" xsi:schemaLocation="
http://www.mulesoft.org/schema/mule/tls http://www.mulesoft.org/schema/mule/tls/current/mule-tls.xsd 
http://www.mulesoft.org/schema/mule/munit http://www.mulesoft.org/schema/mule/munit/current/mule-munit.xsd http://www.mulesoft.org/schema/mule/core http://www.mulesoft.org/schema/mule/core/current/mule.xsd
http://www.mulesoft.org/schema/mule/http http://www.mulesoft.org/schema/mule/http/current/mule-http.xsd
http://www.mulesoft.org/schema/mule/db http://www.mulesoft.org/schema/mule/db/current/mule-db.xsd
http://www.mulesoft.org/schema/mule/dbserver http://www.mulesoft.org/schema/mule/dbserver/current/mule-dbserver.xsd">

	<http:request-config name="HTTPS_Test_Request_configuration" doc:name="HTTP Request configuration" doc:id="c084e07f-cc7d-4075-88d6-499160382e64" responseTimeout="600000" basePath="${secure::webappexpapi.http.path.base}">
		<http:request-connection host="localhost" port="${secure::webappexpapi.http.port}">
 		</http:request-connection>
	</http:request-config>

</mule>
